#
# There is insufficient memory for the Java Runtime Environment to continue.
# Native memory allocation (malloc) failed to allocate 1477776 bytes for Chunk::new
# Possible reasons:
#   The system is out of physical RAM or swap space
#   The process is running with CompressedOops enabled, and the Java Heap may be blocking the growth of the native heap
# Possible solutions:
#   Reduce memory load on the system
#   Increase physical memory or swap space
#   Check if swap backing store is full
#   Decrease Java heap size (-Xmx/-Xms)
#   Decrease number of Java threads
#   Decrease Java thread stack sizes (-Xss)
#   Set larger code cache with -XX:ReservedCodeCacheSize=
#   JVM is running with Unscaled Compressed Oops mode in which the Java heap is
#     placed in the first 4GB address space. The Java Heap base address is the
#     maximum limit for the native heap growth. Please use -XX:HeapBaseMinAddress
#     to set the Java Heap base and to place the Java Heap above 4GB virtual address.
# This output file may be truncated or incomplete.
#
#  Out of Memory Error (arena.cpp:197), pid=40544, tid=38824
#
# JRE version: OpenJDK Runtime Environment Temurin-11.0.28+6 (11.0.28+6) (build 11.0.28+6)
# Java VM: OpenJDK 64-Bit Server VM Temurin-11.0.28+6 (11.0.28+6, mixed mode, tiered, compressed oops, g1 gc, windows-amd64)
# No core dump will be written. Minidumps are not enabled by default on client versions of Windows
#

---------------  S U M M A R Y ------------

Command Line: -Dclassworlds.conf=C:\Program Files\TMCBeans\java\maven\bin\..\bin\m2.conf -Dmaven.home=C:\Program Files\TMCBeans\java\maven\bin\.. -Dlibrary.jansi.path=C:\Program Files\TMCBeans\java\maven\bin\..\lib\jansi-native -Dmaven.multiModuleProjectDirectory=C:\Users\victo\OneDrive\Documents\NetBeansProjects\mooc-java-programming-ii\part11-Part11_10.FlightControl org.codehaus.plexus.classworlds.launcher.Launcher -Dexec.args=-classpath %classpath FlightControl.Main -Dexec.executable=C:\Program Files\Eclipse Adoptium\jdk-11.0.28.6-hotspot\bin\java.exe -Dfile.encoding=UTF-8 -T=1 -q org.codehaus.mojo:exec-maven-plugin:1.5.0:exec

Host: Intel(R) Core(TM) i5-8300H CPU @ 2.30GHz, 8 cores, 7G,  Windows 11 , 64 bit Build 26100 (10.0.26100.7019)
Time: Mon Nov 10 23:05:25 2025 Eastern Standard Time elapsed time: 2.459357 seconds (0d 0h 0m 2s)

---------------  T H R E A D  ---------------

Current thread (0x000001d7e2f93800):  JavaThread "C2 CompilerThread1" daemon [_thread_in_native, id=38824, stack(0x0000007e6fe00000,0x0000007e6ff00000)]


Current CompileTask:
C2:   2459 1800   !   4       java.net.URL::<init> (543 bytes)

Stack: [0x0000007e6fe00000,0x0000007e6ff00000]
Native frames: (J=compiled Java code, j=interpreted, Vv=VM code, C=native code)
V  [jvm.dll+0x6448da]
V  [jvm.dll+0x7d7119]
V  [jvm.dll+0x7d87f9]
V  [jvm.dll+0x7d8ef3]
V  [jvm.dll+0x269105]
V  [jvm.dll+0xc275c]
V  [jvm.dll+0xc2d6c]
V  [jvm.dll+0x378661]
V  [jvm.dll+0x343185]
V  [jvm.dll+0x34254a]
V  [jvm.dll+0x2212ad]
V  [jvm.dll+0x2202d3]
V  [jvm.dll+0x19e021]
V  [jvm.dll+0x2302b4]
V  [jvm.dll+0x22e6ac]
V  [jvm.dll+0x798371]
V  [jvm.dll+0x790ed4]
V  [jvm.dll+0x6436a5]
C  [ucrtbase.dll+0x37b0]
C  [KERNEL32.DLL+0x2e8d7]
C  [ntdll.dll+0x8c53c]


---------------  P R O C E S S  ---------------

Threads class SMR info:
_java_thread_list=0x000001d7e2e9ed30, length=11, elements={
0x000001d7c317f800, 0x000001d7e2065800, 0x000001d7e206e800, 0x000001d7e29e9000,
0x000001d7e29ea000, 0x000001d7e29eb000, 0x000001d7e29ec000, 0x000001d7e29ee000,
0x000001d7e299c800, 0x000001d7e2b9e000, 0x000001d7e2f93800
}

Java Threads: ( => current thread )
  0x000001d7c317f800 JavaThread "main" [_thread_in_vm, id=28996, stack(0x0000007e6ed00000,0x0000007e6ee00000)]
  0x000001d7e2065800 JavaThread "Reference Handler" daemon [_thread_blocked, id=12340, stack(0x0000007e6f400000,0x0000007e6f500000)]
  0x000001d7e206e800 JavaThread "Finalizer" daemon [_thread_blocked, id=37876, stack(0x0000007e6f500000,0x0000007e6f600000)]
  0x000001d7e29e9000 JavaThread "Signal Dispatcher" daemon [_thread_blocked, id=20204, stack(0x0000007e6f600000,0x0000007e6f700000)]
  0x000001d7e29ea000 JavaThread "Attach Listener" daemon [_thread_blocked, id=17736, stack(0x0000007e6f700000,0x0000007e6f800000)]
  0x000001d7e29eb000 JavaThread "Service Thread" daemon [_thread_blocked, id=672, stack(0x0000007e6f800000,0x0000007e6f900000)]
  0x000001d7e29ec000 JavaThread "C2 CompilerThread0" daemon [_thread_in_native, id=37156, stack(0x0000007e6f900000,0x0000007e6fa00000)]
  0x000001d7e29ee000 JavaThread "C1 CompilerThread0" daemon [_thread_blocked, id=25168, stack(0x0000007e6fa00000,0x0000007e6fb00000)]
  0x000001d7e299c800 JavaThread "Sweeper thread" daemon [_thread_blocked, id=20396, stack(0x0000007e6fb00000,0x0000007e6fc00000)]
  0x000001d7e2b9e000 JavaThread "Common-Cleaner" daemon [_thread_blocked, id=18040, stack(0x0000007e6fd00000,0x0000007e6fe00000)]
=>0x000001d7e2f93800 JavaThread "C2 CompilerThread1" daemon [_thread_in_native, id=38824, stack(0x0000007e6fe00000,0x0000007e6ff00000)]

Other Threads:
  0x000001d7e2043800 VMThread "VM Thread" [stack: 0x0000007e6f300000,0x0000007e6f400000] [id=5012]
  0x000001d7e2b89800 WatcherThread [stack: 0x0000007e6fc00000,0x0000007e6fd00000] [id=37668]
  0x000001d7c3198000 GCTaskThread "GC Thread#0" [stack: 0x0000007e6ee00000,0x0000007e6ef00000] [id=6444]
  0x000001d7e3912000 GCTaskThread "GC Thread#1" [stack: 0x0000007e6ff00000,0x0000007e70000000] [id=6056]
  0x000001d7c31cc800 ConcurrentGCThread "G1 Main Marker" [stack: 0x0000007e6ef00000,0x0000007e6f000000] [id=10260]
  0x000001d7c31cf800 ConcurrentGCThread "G1 Conc#0" [stack: 0x0000007e6f000000,0x0000007e6f100000] [id=28032]
  0x000001d7c31d5800 ConcurrentGCThread "G1 Refine#0" [stack: 0x0000007e6f100000,0x0000007e6f200000] [id=24848]
  0x000001d7c324e800 ConcurrentGCThread "G1 Young RemSet Sampling" [stack: 0x0000007e6f200000,0x0000007e6f300000] [id=27896]

Threads with active compile tasks:
C2 CompilerThread0     2503 1961       4       jdk.internal.module.SystemModuleFinders$SystemModuleReader::find (54 bytes)
C2 CompilerThread1     2504 1800   !   4       java.net.URL::<init> (543 bytes)

VM state:not at safepoint (normal execution)

VM Mutex/Monitor currently owned by a thread: None

Heap address: 0x0000000084200000, size: 1982 MB, Compressed Oops mode: 32-bit
Narrow klass base: 0x0000000000000000, Narrow klass shift: 3
Compressed class space size: 1073741824 Address: 0x0000000100000000

Heap:
 garbage-first heap   total 126976K, used 45448K [0x0000000084200000, 0x0000000100000000)
  region size 1024K, 45 young (46080K), 3 survivors (3072K)
 Metaspace       used 19596K, capacity 19933K, committed 20224K, reserved 1067008K
  class space    used 2083K, capacity 2179K, committed 2304K, reserved 1048576K
Heap Regions: E=young(eden), S=young(survivor), O=old, HS=humongous(starts), HC=humongous(continues), CS=collection set, F=free, A=archive, TAMS=top-at-mark-start (previous, next)
|   0|0x0000000084200000, 0x0000000084262000, 0x0000000084300000| 38%| O|  |TAMS 0x0000000084200000, 0x0000000084200000| Untracked 
|   1|0x0000000084300000, 0x0000000084300000, 0x0000000084400000|  0%| F|  |TAMS 0x0000000084300000, 0x0000000084300000| Untracked 
|   2|0x0000000084400000, 0x0000000084400000, 0x0000000084500000|  0%| F|  |TAMS 0x0000000084400000, 0x0000000084400000| Untracked 
|   3|0x0000000084500000, 0x0000000084500000, 0x0000000084600000|  0%| F|  |TAMS 0x0000000084500000, 0x0000000084500000| Untracked 
|   4|0x0000000084600000, 0x0000000084600000, 0x0000000084700000|  0%| F|  |TAMS 0x0000000084600000, 0x0000000084600000| Untracked 
|   5|0x0000000084700000, 0x0000000084700000, 0x0000000084800000|  0%| F|  |TAMS 0x0000000084700000, 0x0000000084700000| Untracked 
|   6|0x0000000084800000, 0x0000000084800000, 0x0000000084900000|  0%| F|  |TAMS 0x0000000084800000, 0x0000000084800000| Untracked 
|   7|0x0000000084900000, 0x0000000084900000, 0x0000000084a00000|  0%| F|  |TAMS 0x0000000084900000, 0x0000000084900000| Untracked 
|   8|0x0000000084a00000, 0x0000000084a00000, 0x0000000084b00000|  0%| F|  |TAMS 0x0000000084a00000, 0x0000000084a00000| Untracked 
|   9|0x0000000084b00000, 0x0000000084b00000, 0x0000000084c00000|  0%| F|  |TAMS 0x0000000084b00000, 0x0000000084b00000| Untracked 
|  10|0x0000000084c00000, 0x0000000084c00000, 0x0000000084d00000|  0%| F|  |TAMS 0x0000000084c00000, 0x0000000084c00000| Untracked 
|  11|0x0000000084d00000, 0x0000000084d00000, 0x0000000084e00000|  0%| F|  |TAMS 0x0000000084d00000, 0x0000000084d00000| Untracked 
|  12|0x0000000084e00000, 0x0000000084e00000, 0x0000000084f00000|  0%| F|  |TAMS 0x0000000084e00000, 0x0000000084e00000| Untracked 
|  13|0x0000000084f00000, 0x0000000084f00000, 0x0000000085000000|  0%| F|  |TAMS 0x0000000084f00000, 0x0000000084f00000| Untracked 
|  14|0x0000000085000000, 0x0000000085000000, 0x0000000085100000|  0%| F|  |TAMS 0x0000000085000000, 0x0000000085000000| Untracked 
|  15|0x0000000085100000, 0x0000000085100000, 0x0000000085200000|  0%| F|  |TAMS 0x0000000085100000, 0x0000000085100000| Untracked 
|  16|0x0000000085200000, 0x0000000085200000, 0x0000000085300000|  0%| F|  |TAMS 0x0000000085200000, 0x0000000085200000| Untracked 
|  17|0x0000000085300000, 0x0000000085300000, 0x0000000085400000|  0%| F|  |TAMS 0x0000000085300000, 0x0000000085300000| Untracked 
|  18|0x0000000085400000, 0x0000000085400000, 0x0000000085500000|  0%| F|  |TAMS 0x0000000085400000, 0x0000000085400000| Untracked 
|  19|0x0000000085500000, 0x0000000085500000, 0x0000000085600000|  0%| F|  |TAMS 0x0000000085500000, 0x0000000085500000| Untracked 
|  20|0x0000000085600000, 0x0000000085600000, 0x0000000085700000|  0%| F|  |TAMS 0x0000000085600000, 0x0000000085600000| Untracked 
|  21|0x0000000085700000, 0x0000000085700000, 0x0000000085800000|  0%| F|  |TAMS 0x0000000085700000, 0x0000000085700000| Untracked 
|  22|0x0000000085800000, 0x0000000085800000, 0x0000000085900000|  0%| F|  |TAMS 0x0000000085800000, 0x0000000085800000| Untracked 
|  23|0x0000000085900000, 0x0000000085900000, 0x0000000085a00000|  0%| F|  |TAMS 0x0000000085900000, 0x0000000085900000| Untracked 
|  24|0x0000000085a00000, 0x0000000085a00000, 0x0000000085b00000|  0%| F|  |TAMS 0x0000000085a00000, 0x0000000085a00000| Untracked 
|  25|0x0000000085b00000, 0x0000000085b00000, 0x0000000085c00000|  0%| F|  |TAMS 0x0000000085b00000, 0x0000000085b00000| Untracked 
|  26|0x0000000085c00000, 0x0000000085c00000, 0x0000000085d00000|  0%| F|  |TAMS 0x0000000085c00000, 0x0000000085c00000| Untracked 
|  27|0x0000000085d00000, 0x0000000085d00000, 0x0000000085e00000|  0%| F|  |TAMS 0x0000000085d00000, 0x0000000085d00000| Untracked 
|  28|0x0000000085e00000, 0x0000000085e00000, 0x0000000085f00000|  0%| F|  |TAMS 0x0000000085e00000, 0x0000000085e00000| Untracked 
|  29|0x0000000085f00000, 0x0000000085f00000, 0x0000000086000000|  0%| F|  |TAMS 0x0000000085f00000, 0x0000000085f00000| Untracked 
|  30|0x0000000086000000, 0x0000000086000000, 0x0000000086100000|  0%| F|  |TAMS 0x0000000086000000, 0x0000000086000000| Untracked 
|  31|0x0000000086100000, 0x0000000086100000, 0x0000000086200000|  0%| F|  |TAMS 0x0000000086100000, 0x0000000086100000| Untracked 
|  32|0x0000000086200000, 0x0000000086200000, 0x0000000086300000|  0%| F|  |TAMS 0x0000000086200000, 0x0000000086200000| Untracked 
|  33|0x0000000086300000, 0x0000000086300000, 0x0000000086400000|  0%| F|  |TAMS 0x0000000086300000, 0x0000000086300000| Untracked 
|  34|0x0000000086400000, 0x0000000086400000, 0x0000000086500000|  0%| F|  |TAMS 0x0000000086400000, 0x0000000086400000| Untracked 
|  35|0x0000000086500000, 0x0000000086500000, 0x0000000086600000|  0%| F|  |TAMS 0x0000000086500000, 0x0000000086500000| Untracked 
|  36|0x0000000086600000, 0x0000000086600000, 0x0000000086700000|  0%| F|  |TAMS 0x0000000086600000, 0x0000000086600000| Untracked 
|  37|0x0000000086700000, 0x0000000086700000, 0x0000000086800000|  0%| F|  |TAMS 0x0000000086700000, 0x0000000086700000| Untracked 
|  38|0x0000000086800000, 0x0000000086800000, 0x0000000086900000|  0%| F|  |TAMS 0x0000000086800000, 0x0000000086800000| Untracked 
|  39|0x0000000086900000, 0x0000000086900000, 0x0000000086a00000|  0%| F|  |TAMS 0x0000000086900000, 0x0000000086900000| Untracked 
|  40|0x0000000086a00000, 0x0000000086a00000, 0x0000000086b00000|  0%| F|  |TAMS 0x0000000086a00000, 0x0000000086a00000| Untracked 
|  41|0x0000000086b00000, 0x0000000086b00000, 0x0000000086c00000|  0%| F|  |TAMS 0x0000000086b00000, 0x0000000086b00000| Untracked 
|  42|0x0000000086c00000, 0x0000000086c00000, 0x0000000086d00000|  0%| F|  |TAMS 0x0000000086c00000, 0x0000000086c00000| Untracked 
|  43|0x0000000086d00000, 0x0000000086d00000, 0x0000000086e00000|  0%| F|  |TAMS 0x0000000086d00000, 0x0000000086d00000| Untracked 
|  44|0x0000000086e00000, 0x0000000086e00000, 0x0000000086f00000|  0%| F|  |TAMS 0x0000000086e00000, 0x0000000086e00000| Untracked 
|  45|0x0000000086f00000, 0x0000000086f00000, 0x0000000087000000|  0%| F|  |TAMS 0x0000000086f00000, 0x0000000086f00000| Untracked 
|  46|0x0000000087000000, 0x0000000087000000, 0x0000000087100000|  0%| F|  |TAMS 0x0000000087000000, 0x0000000087000000| Untracked 
|  47|0x0000000087100000, 0x0000000087100000, 0x0000000087200000|  0%| F|  |TAMS 0x0000000087100000, 0x0000000087100000| Untracked 
|  48|0x0000000087200000, 0x0000000087200000, 0x0000000087300000|  0%| F|  |TAMS 0x0000000087200000, 0x0000000087200000| Untracked 
|  49|0x0000000087300000, 0x0000000087300000, 0x0000000087400000|  0%| F|  |TAMS 0x0000000087300000, 0x0000000087300000| Untracked 
|  50|0x0000000087400000, 0x0000000087400000, 0x0000000087500000|  0%| F|  |TAMS 0x0000000087400000, 0x0000000087400000| Untracked 
|  51|0x0000000087500000, 0x0000000087500000, 0x0000000087600000|  0%| F|  |TAMS 0x0000000087500000, 0x0000000087500000| Untracked 
|  52|0x0000000087600000, 0x0000000087600000, 0x0000000087700000|  0%| F|  |TAMS 0x0000000087600000, 0x0000000087600000| Untracked 
|  53|0x0000000087700000, 0x0000000087700000, 0x0000000087800000|  0%| F|  |TAMS 0x0000000087700000, 0x0000000087700000| Untracked 
|  54|0x0000000087800000, 0x0000000087800000, 0x0000000087900000|  0%| F|  |TAMS 0x0000000087800000, 0x0000000087800000| Untracked 
|  55|0x0000000087900000, 0x0000000087900000, 0x0000000087a00000|  0%| F|  |TAMS 0x0000000087900000, 0x0000000087900000| Untracked 
|  56|0x0000000087a00000, 0x0000000087a00000, 0x0000000087b00000|  0%| F|  |TAMS 0x0000000087a00000, 0x0000000087a00000| Untracked 
|  57|0x0000000087b00000, 0x0000000087b00000, 0x0000000087c00000|  0%| F|  |TAMS 0x0000000087b00000, 0x0000000087b00000| Untracked 
|  58|0x0000000087c00000, 0x0000000087c00000, 0x0000000087d00000|  0%| F|  |TAMS 0x0000000087c00000, 0x0000000087c00000| Untracked 
|  59|0x0000000087d00000, 0x0000000087d00000, 0x0000000087e00000|  0%| F|  |TAMS 0x0000000087d00000, 0x0000000087d00000| Untracked 
|  60|0x0000000087e00000, 0x0000000087e00000, 0x0000000087f00000|  0%| F|  |TAMS 0x0000000087e00000, 0x0000000087e00000| Untracked 
|  61|0x0000000087f00000, 0x0000000087f00000, 0x0000000088000000|  0%| F|  |TAMS 0x0000000087f00000, 0x0000000087f00000| Untracked 
|  62|0x0000000088000000, 0x0000000088000000, 0x0000000088100000|  0%| F|  |TAMS 0x0000000088000000, 0x0000000088000000| Untracked 
|  63|0x0000000088100000, 0x0000000088100000, 0x0000000088200000|  0%| F|  |TAMS 0x0000000088100000, 0x0000000088100000| Untracked 
|  64|0x0000000088200000, 0x0000000088200000, 0x0000000088300000|  0%| F|  |TAMS 0x0000000088200000, 0x0000000088200000| Untracked 
|  65|0x0000000088300000, 0x0000000088300000, 0x0000000088400000|  0%| F|  |TAMS 0x0000000088300000, 0x0000000088300000| Untracked 
|  66|0x0000000088400000, 0x0000000088400000, 0x0000000088500000|  0%| F|  |TAMS 0x0000000088400000, 0x0000000088400000| Untracked 
|  67|0x0000000088500000, 0x0000000088500000, 0x0000000088600000|  0%| F|  |TAMS 0x0000000088500000, 0x0000000088500000| Untracked 
|  68|0x0000000088600000, 0x0000000088600000, 0x0000000088700000|  0%| F|  |TAMS 0x0000000088600000, 0x0000000088600000| Untracked 
|  69|0x0000000088700000, 0x0000000088700000, 0x0000000088800000|  0%| F|  |TAMS 0x0000000088700000, 0x0000000088700000| Untracked 
|  70|0x0000000088800000, 0x0000000088800000, 0x0000000088900000|  0%| F|  |TAMS 0x0000000088800000, 0x0000000088800000| Untracked 
|  71|0x0000000088900000, 0x0000000088900000, 0x0000000088a00000|  0%| F|  |TAMS 0x0000000088900000, 0x0000000088900000| Untracked 
|  72|0x0000000088a00000, 0x0000000088a00000, 0x0000000088b00000|  0%| F|  |TAMS 0x0000000088a00000, 0x0000000088a00000| Untracked 
|  73|0x0000000088b00000, 0x0000000088b00000, 0x0000000088c00000|  0%| F|  |TAMS 0x0000000088b00000, 0x0000000088b00000| Untracked 
|  74|0x0000000088c00000, 0x0000000088c00000, 0x0000000088d00000|  0%| F|  |TAMS 0x0000000088c00000, 0x0000000088c00000| Untracked 
|  75|0x0000000088d00000, 0x0000000088d00000, 0x0000000088e00000|  0%| F|  |TAMS 0x0000000088d00000, 0x0000000088d00000| Untracked 
|  76|0x0000000088e00000, 0x0000000088e00000, 0x0000000088f00000|  0%| F|  |TAMS 0x0000000088e00000, 0x0000000088e00000| Untracked 
|  77|0x0000000088f00000, 0x0000000088f00000, 0x0000000089000000|  0%| F|  |TAMS 0x0000000088f00000, 0x0000000088f00000| Untracked 
|  78|0x0000000089000000, 0x0000000089000000, 0x0000000089100000|  0%| F|  |TAMS 0x0000000089000000, 0x0000000089000000| Untracked 
|  79|0x0000000089100000, 0x0000000089200000, 0x0000000089200000|100%| E|  |TAMS 0x0000000089100000, 0x0000000089100000| Complete 
|  80|0x0000000089200000, 0x0000000089300000, 0x0000000089300000|100%| E|CS|TAMS 0x0000000089200000, 0x0000000089200000| Complete 
|  81|0x0000000089300000, 0x0000000089400000, 0x0000000089400000|100%| E|CS|TAMS 0x0000000089300000, 0x0000000089300000| Complete 
|  82|0x0000000089400000, 0x0000000089500000, 0x0000000089500000|100%| E|CS|TAMS 0x0000000089400000, 0x0000000089400000| Complete 
|  83|0x0000000089500000, 0x0000000089600000, 0x0000000089600000|100%| E|CS|TAMS 0x0000000089500000, 0x0000000089500000| Complete 
|  84|0x0000000089600000, 0x0000000089700000, 0x0000000089700000|100%| E|CS|TAMS 0x0000000089600000, 0x0000000089600000| Complete 
|  85|0x0000000089700000, 0x0000000089800000, 0x0000000089800000|100%| E|CS|TAMS 0x0000000089700000, 0x0000000089700000| Complete 
|  86|0x0000000089800000, 0x0000000089900000, 0x0000000089900000|100%| E|CS|TAMS 0x0000000089800000, 0x0000000089800000| Complete 
|  87|0x0000000089900000, 0x0000000089a00000, 0x0000000089a00000|100%| E|CS|TAMS 0x0000000089900000, 0x0000000089900000| Complete 
|  88|0x0000000089a00000, 0x0000000089b00000, 0x0000000089b00000|100%| E|CS|TAMS 0x0000000089a00000, 0x0000000089a00000| Complete 
|  89|0x0000000089b00000, 0x0000000089c00000, 0x0000000089c00000|100%| E|CS|TAMS 0x0000000089b00000, 0x0000000089b00000| Complete 
|  90|0x0000000089c00000, 0x0000000089d00000, 0x0000000089d00000|100%| E|CS|TAMS 0x0000000089c00000, 0x0000000089c00000| Complete 
|  91|0x0000000089d00000, 0x0000000089e00000, 0x0000000089e00000|100%| E|CS|TAMS 0x0000000089d00000, 0x0000000089d00000| Complete 
|  92|0x0000000089e00000, 0x0000000089f00000, 0x0000000089f00000|100%| E|CS|TAMS 0x0000000089e00000, 0x0000000089e00000| Complete 
|  93|0x0000000089f00000, 0x000000008a000000, 0x000000008a000000|100%| E|CS|TAMS 0x0000000089f00000, 0x0000000089f00000| Complete 
|  94|0x000000008a000000, 0x000000008a100000, 0x000000008a100000|100%| E|CS|TAMS 0x000000008a000000, 0x000000008a000000| Complete 
|  95|0x000000008a100000, 0x000000008a200000, 0x000000008a200000|100%| E|CS|TAMS 0x000000008a100000, 0x000000008a100000| Complete 
|  96|0x000000008a200000, 0x000000008a300000, 0x000000008a300000|100%| E|CS|TAMS 0x000000008a200000, 0x000000008a200000| Complete 
|  97|0x000000008a300000, 0x000000008a400000, 0x000000008a400000|100%| S|CS|TAMS 0x000000008a300000, 0x000000008a300000| Complete 
|  98|0x000000008a400000, 0x000000008a500000, 0x000000008a500000|100%| S|CS|TAMS 0x000000008a400000, 0x000000008a400000| Complete 
|  99|0x000000008a500000, 0x000000008a600000, 0x000000008a600000|100%| S|CS|TAMS 0x000000008a500000, 0x000000008a500000| Complete 
| 100|0x000000008a600000, 0x000000008a700000, 0x000000008a700000|100%| E|CS|TAMS 0x000000008a600000, 0x000000008a600000| Complete 
| 101|0x000000008a700000, 0x000000008a800000, 0x000000008a800000|100%| E|CS|TAMS 0x000000008a700000, 0x000000008a700000| Complete 
| 102|0x000000008a800000, 0x000000008a900000, 0x000000008a900000|100%| E|CS|TAMS 0x000000008a800000, 0x000000008a800000| Complete 
| 103|0x000000008a900000, 0x000000008aa00000, 0x000000008aa00000|100%| E|CS|TAMS 0x000000008a900000, 0x000000008a900000| Complete 
| 104|0x000000008aa00000, 0x000000008ab00000, 0x000000008ab00000|100%| E|CS|TAMS 0x000000008aa00000, 0x000000008aa00000| Complete 
| 105|0x000000008ab00000, 0x000000008ac00000, 0x000000008ac00000|100%| E|CS|TAMS 0x000000008ab00000, 0x000000008ab00000| Complete 
| 106|0x000000008ac00000, 0x000000008ad00000, 0x000000008ad00000|100%| E|CS|TAMS 0x000000008ac00000, 0x000000008ac00000| Complete 
| 107|0x000000008ad00000, 0x000000008ae00000, 0x000000008ae00000|100%| E|CS|TAMS 0x000000008ad00000, 0x000000008ad00000| Complete 
| 108|0x000000008ae00000, 0x000000008af00000, 0x000000008af00000|100%| E|CS|TAMS 0x000000008ae00000, 0x000000008ae00000| Complete 
| 109|0x000000008af00000, 0x000000008b000000, 0x000000008b000000|100%| E|CS|TAMS 0x000000008af00000, 0x000000008af00000| Complete 
| 110|0x000000008b000000, 0x000000008b100000, 0x000000008b100000|100%| E|CS|TAMS 0x000000008b000000, 0x000000008b000000| Complete 
| 111|0x000000008b100000, 0x000000008b200000, 0x000000008b200000|100%| E|CS|TAMS 0x000000008b100000, 0x000000008b100000| Complete 
| 112|0x000000008b200000, 0x000000008b300000, 0x000000008b300000|100%| E|CS|TAMS 0x000000008b200000, 0x000000008b200000| Complete 
| 113|0x000000008b300000, 0x000000008b400000, 0x000000008b400000|100%| E|CS|TAMS 0x000000008b300000, 0x000000008b300000| Complete 
| 114|0x000000008b400000, 0x000000008b500000, 0x000000008b500000|100%| E|CS|TAMS 0x000000008b400000, 0x000000008b400000| Complete 
| 115|0x000000008b500000, 0x000000008b600000, 0x000000008b600000|100%| E|CS|TAMS 0x000000008b500000, 0x000000008b500000| Complete 
| 116|0x000000008b600000, 0x000000008b700000, 0x000000008b700000|100%| E|CS|TAMS 0x000000008b600000, 0x000000008b600000| Complete 
| 117|0x000000008b700000, 0x000000008b800000, 0x000000008b800000|100%| E|CS|TAMS 0x000000008b700000, 0x000000008b700000| Complete 
| 118|0x000000008b800000, 0x000000008b900000, 0x000000008b900000|100%| E|CS|TAMS 0x000000008b800000, 0x000000008b800000| Complete 
| 119|0x000000008b900000, 0x000000008ba00000, 0x000000008ba00000|100%| E|CS|TAMS 0x000000008b900000, 0x000000008b900000| Complete 
| 120|0x000000008ba00000, 0x000000008bb00000, 0x000000008bb00000|100%| E|CS|TAMS 0x000000008ba00000, 0x000000008ba00000| Complete 
| 121|0x000000008bb00000, 0x000000008bc00000, 0x000000008bc00000|100%| E|CS|TAMS 0x000000008bb00000, 0x000000008bb00000| Complete 
| 122|0x000000008bc00000, 0x000000008bd00000, 0x000000008bd00000|100%| E|CS|TAMS 0x000000008bc00000, 0x000000008bc00000| Complete 
| 123|0x000000008bd00000, 0x000000008be00000, 0x000000008be00000|100%| E|CS|TAMS 0x000000008bd00000, 0x000000008bd00000| Complete 

Card table byte_map: [0x000001d7db040000,0x000001d7db420000] _byte_map_base: 0x000001d7dac1f000

Marking Bits (Prev, Next): (CMBitMap*) 0x000001d7c31c3f58, (CMBitMap*) 0x000001d7c31c3f90
 Prev Bits: [0x000001d7db800000, 0x000001d7dd6f8000)
 Next Bits: [0x000001d7dd700000, 0x000001d7df5f8000)

Polling page: 0x000001d7c1050000

Metaspace:

Usage:
  Non-class:     17.34 MB capacity,    17.12 MB ( 99%) used,   204.55 KB (  1%) free+waste,    21.38 KB ( <1%) overhead. 
      Class:      2.16 MB capacity,     2.04 MB ( 94%) used,   115.91 KB (  5%) free+waste,     8.56 KB ( <1%) overhead. 
       Both:     19.50 MB capacity,    19.15 MB ( 98%) used,   320.45 KB (  2%) free+waste,    29.94 KB ( <1%) overhead. 

Virtual space:
  Non-class space:       18.00 MB reserved,      17.50 MB ( 97%) committed 
      Class space:        1.00 GB reserved,       2.25 MB ( <1%) committed 
             Both:        1.02 GB reserved,      19.75 MB (  2%) committed 

Chunk freelists:
   Non-Class:  38.00 KB
       Class:  29.00 KB
        Both:  67.00 KB

MaxMetaspaceSize: 17179869184.00 GB
CompressedClassSpaceSize: 1.00 GB
Initial GC threshold: 20.80 MB
Current GC threshold: 20.80 MB
CDS: off

CodeHeap 'non-profiled nmethods': size=120000Kb used=754Kb max_used=754Kb free=119245Kb
 bounds [0x000001d7d3400000, 0x000001d7d3670000, 0x000001d7da930000]
CodeHeap 'profiled nmethods': size=120000Kb used=3980Kb max_used=3980Kb free=116020Kb
 bounds [0x000001d7cbed0000, 0x000001d7cc2c0000, 0x000001d7d3400000]
CodeHeap 'non-nmethods': size=5760Kb used=1157Kb max_used=1172Kb free=4602Kb
 bounds [0x000001d7cb930000, 0x000001d7cbba0000, 0x000001d7cbed0000]
 total_blobs=2399 nmethods=1988 adapters=323
 compilation: enabled
              stopped_count=0, restarted_count=0
 full_count=0

Compilation events (20 events):
Event: 1.403 Thread 0x000001d7e29ee000 nmethod 1956 0x000001d7d34bbc90 code [0x000001d7d34bbe40, 0x000001d7d34bbef8]
Event: 1.405 Thread 0x000001d7e29ee000 1957       3       java.lang.StringLatin1::lastIndexOf (125 bytes)
Event: 1.405 Thread 0x000001d7e29ee000 nmethod 1957 0x000001d7cc29cc10 code [0x000001d7cc29ce00, 0x000001d7cc29d278]
Event: 1.405 Thread 0x000001d7e29ee000 1958       3       java.lang.System::checkKey (34 bytes)
Event: 1.405 Thread 0x000001d7e29ee000 nmethod 1958 0x000001d7cc29d510 code [0x000001d7cc29d700, 0x000001d7cc29da28]
Event: 1.419 Thread 0x000001d7e29ec000 1959       4       java.lang.String::toString (2 bytes)
Event: 1.419 Thread 0x000001d7e29ec000 nmethod 1959 0x000001d7d34bc410 code [0x000001d7d34bc5a0, 0x000001d7d34bc5f8]
Event: 1.419 Thread 0x000001d7e29ec000 1961       4       jdk.internal.module.SystemModuleFinders$SystemModuleReader::find (54 bytes)
Event: 1.432 Thread 0x000001d7e29ee000 1962       3       java.lang.String::codePointAt (50 bytes)
Event: 1.433 Thread 0x000001d7e29ee000 nmethod 1962 0x000001d7cc29db90 code [0x000001d7cc29dd80, 0x000001d7cc29e108]
Event: 1.437 Thread 0x000001d7e29ee000 1963       3       java.lang.Character::codePointBefore (48 bytes)
Event: 1.438 Thread 0x000001d7e29ee000 nmethod 1963 0x000001d7cc29e290 code [0x000001d7cc29e480, 0x000001d7cc29ea18]
Event: 1.442 Thread 0x000001d7e29ee000 1964       3       java.lang.ClassLoader::addClass (9 bytes)
Event: 1.443 Thread 0x000001d7e29ee000 nmethod 1964 0x000001d7cc29eb90 code [0x000001d7cc29eda0, 0x000001d7cc29f5b8]
Event: 1.443 Thread 0x000001d7e29ee000 1965  s    3       java.util.Vector::addElement (24 bytes)
Event: 1.443 Thread 0x000001d7e29ee000 nmethod 1965 0x000001d7cc29f990 code [0x000001d7cc29fba0, 0x000001d7cc2a02b8]
Event: 1.443 Thread 0x000001d7e29ee000 1966       3       java.util.Vector::add (23 bytes)
Event: 1.444 Thread 0x000001d7e29ee000 nmethod 1966 0x000001d7cc2a0510 code [0x000001d7cc2a0720, 0x000001d7cc2a0c58]
Event: 1.444 Thread 0x000001d7e29ee000 1967       3       java.util.HashMap::<init> (98 bytes)
Event: 1.446 Thread 0x000001d7e29ee000 nmethod 1967 0x000001d7cc2a0e90 code [0x000001d7cc2a1200, 0x000001d7cc2a26d8]

GC Heap History (2 events):
Event: 0.701 GC heap before
{Heap before GC invocations=0 (full 0):
 garbage-first heap   total 126976K, used 23552K [0x0000000084200000, 0x0000000100000000)
  region size 1024K, 24 young (24576K), 0 survivors (0K)
 Metaspace       used 12596K, capacity 12757K, committed 12928K, reserved 1060864K
  class space    used 1245K, capacity 1316K, committed 1408K, reserved 1048576K
}
Event: 0.705 GC heap after
{Heap after GC invocations=1 (full 0):
 garbage-first heap   total 126976K, used 3464K [0x0000000084200000, 0x0000000100000000)
  region size 1024K, 3 young (3072K), 3 survivors (3072K)
 Metaspace       used 12596K, capacity 12757K, committed 12928K, reserved 1060864K
  class space    used 1245K, capacity 1316K, committed 1408K, reserved 1048576K
}

Deoptimization events (20 events):
Event: 0.783 Thread 0x000001d7c317f800 Uncommon trap: trap_request=0xffffff4d fr.pc=0x000001d7d3444128 relative=0x0000000000000168
Event: 0.783 Thread 0x000001d7c317f800 Uncommon trap: reason=unstable_if action=reinterpret pc=0x000001d7d3444128 method=java.util.HashMap.getNode(ILjava/lang/Object;)Ljava/util/HashMap$Node; @ 129 c2
Event: 0.783 Thread 0x000001d7c317f800 DEOPT PACKING pc=0x000001d7d3444128 sp=0x0000007e6edfb050
Event: 0.783 Thread 0x000001d7c317f800 DEOPT UNPACKING pc=0x000001d7cb97a1af sp=0x0000007e6edfafc0 mode 2
Event: 0.851 Thread 0x000001d7c317f800 Uncommon trap: trap_request=0xffffff4d fr.pc=0x000001d7d346fbd0 relative=0x0000000000000490
Event: 0.852 Thread 0x000001d7c317f800 Uncommon trap: reason=unstable_if action=reinterpret pc=0x000001d7d346fbd0 method=java.lang.String.<init>([CIILjava/lang/Void;)V @ 5 c2
Event: 0.852 Thread 0x000001d7c317f800 DEOPT PACKING pc=0x000001d7d346fbd0 sp=0x0000007e6edfd7f0
Event: 0.852 Thread 0x000001d7c317f800 DEOPT UNPACKING pc=0x000001d7cb97a1af sp=0x0000007e6edfd688 mode 2
Event: 0.887 Thread 0x000001d7c317f800 Uncommon trap: trap_request=0xffffff4d fr.pc=0x000001d7d3466850 relative=0x0000000000000310
Event: 0.887 Thread 0x000001d7c317f800 Uncommon trap: reason=unstable_if action=reinterpret pc=0x000001d7d3466850 method=java.lang.String.<init>([CIILjava/lang/Void;)V @ 5 c2
Event: 0.887 Thread 0x000001d7c317f800 DEOPT PACKING pc=0x000001d7d3466850 sp=0x0000007e6edfd730
Event: 0.887 Thread 0x000001d7c317f800 DEOPT UNPACKING pc=0x000001d7cb97a1af sp=0x0000007e6edfd6f0 mode 2
Event: 1.340 Thread 0x000001d7c317f800 Uncommon trap: trap_request=0xffffff4d fr.pc=0x000001d7d349cccc relative=0x00000000000001ac
Event: 1.340 Thread 0x000001d7c317f800 Uncommon trap: reason=unstable_if action=reinterpret pc=0x000001d7d349cccc method=java.lang.String.startsWith(Ljava/lang/String;I)Z @ 1 c2
Event: 1.340 Thread 0x000001d7c317f800 DEOPT PACKING pc=0x000001d7d349cccc sp=0x0000007e6edf5610
Event: 1.340 Thread 0x000001d7c317f800 DEOPT UNPACKING pc=0x000001d7cb97a1af sp=0x0000007e6edf5528 mode 2
Event: 1.340 Thread 0x000001d7c317f800 Uncommon trap: trap_request=0xffffff4d fr.pc=0x000001d7d34243dc relative=0x00000000000001bc
Event: 1.340 Thread 0x000001d7c317f800 Uncommon trap: reason=unstable_if action=reinterpret pc=0x000001d7d34243dc method=java.lang.String.startsWith(Ljava/lang/String;I)Z @ 1 c2
Event: 1.340 Thread 0x000001d7c317f800 DEOPT PACKING pc=0x000001d7d34243dc sp=0x0000007e6edf55a0
Event: 1.340 Thread 0x000001d7c317f800 DEOPT UNPACKING pc=0x000001d7cb97a1af sp=0x0000007e6edf5528 mode 2

Classes redefined (0 events):
No events

Internal exceptions (5 events):
Event: 0.198 Thread 0x000001d7c317f800 Exception <a 'java/lang/NoSuchMethodError'{0x000000008ba45a20}: 'int java.lang.invoke.DirectMethodHandle$Holder.invokeSpecialIFC(java.lang.Object, java.lang.Object, int)'> (0x000000008ba45a20) thrown at [s\src\hotspot\share\interpreter\linkResolver.cpp, line 773]
Event: 1.294 Thread 0x000001d7c317f800 Exception <a 'java/lang/NoClassDefFoundError'{0x0000000089876098}: com/google/inject/servlet/ServletModuleTargetVisitor> (0x0000000089876098) thrown at [s\src\hotspot\share\classfile\systemDictionary.cpp, line 219]
Event: 1.294 Thread 0x000001d7c317f800 Exception <a 'java/lang/NoClassDefFoundError'{0x0000000089876098}> (0x0000000089876098) thrown at [s\src\hotspot\share\prims\jvm.cpp, line 1310]
Event: 1.294 Thread 0x000001d7c317f800 Exception <a 'java/lang/NoClassDefFoundError'{0x0000000089879260}: javax/annotation/Priority> (0x0000000089879260) thrown at [s\src\hotspot\share\classfile\systemDictionary.cpp, line 219]
Event: 1.353 Thread 0x000001d7c317f800 Exception <a 'java/lang/NoSuchMethodError'{0x00000000897e21d8}: 'java.lang.Object java.lang.invoke.DirectMethodHandle$Holder.invokeStaticInit(java.lang.Object, int, int, int, int)'> (0x00000000897e21d8) thrown at [s\src\hotspot\share\interpreter\linkResolver.cpp, line 773]

Events (20 events):
Event: 1.442 loading class org/apache/maven/model/building/DefaultModelBuildingResult
Event: 1.442 loading class org/apache/maven/model/building/DefaultModelBuildingResult done
Event: 1.443 loading class java/util/EnumSet
Event: 1.443 loading class java/util/EnumSet done
Event: 1.444 loading class java/util/RegularEnumSet
Event: 1.444 loading class java/util/RegularEnumSet done
Event: 1.444 loading class org/apache/maven/model/building/FileModelSource
Event: 1.444 loading class org/apache/maven/model/building/FileModelSource done
Event: 1.444 loading class org/apache/maven/model/building/ModelSource2
Event: 1.444 loading class org/apache/maven/model/building/ModelSource2 done
Event: 1.446 loading class org/apache/maven/model/io/xpp3/MavenXpp3ReaderEx
Event: 1.446 loading class org/apache/maven/model/io/xpp3/MavenXpp3ReaderEx done
Event: 1.447 loading class org/apache/maven/model/io/xpp3/MavenXpp3ReaderEx$ContentTransformer
Event: 1.447 loading class org/apache/maven/model/io/xpp3/MavenXpp3ReaderEx$ContentTransformer done
Event: 1.448 loading class org/codehaus/plexus/util/xml/Xpp3DomBuilder$InputLocationBuilder
Event: 1.448 loading class org/codehaus/plexus/util/xml/Xpp3DomBuilder$InputLocationBuilder done
Event: 1.450 loading class org/apache/maven/model/io/xpp3/MavenXpp3ReaderEx$1
Event: 1.450 loading class org/apache/maven/model/io/xpp3/MavenXpp3ReaderEx$1 done
Event: 1.452 loading class org/apache/maven/model/io/xpp3/MavenXpp3ReaderEx$Xpp3DomBuilderInputLocationBuilder
Event: 1.452 loading class org/apache/maven/model/io/xpp3/MavenXpp3ReaderEx$Xpp3DomBuilderInputLocationBuilder done


Dynamic libraries:
0x00007ff6b7bb0000 - 0x00007ff6b7bbe000 	C:\Program Files\Eclipse Adoptium\jdk-11.0.28.6-hotspot\bin\java.exe
0x00007ffbe9960000 - 0x00007ffbe9bc8000 	C:\WINDOWS\SYSTEM32\ntdll.dll
0x00007ffbe8740000 - 0x00007ffbe8809000 	C:\WINDOWS\System32\KERNEL32.DLL
0x00007ffbe7170000 - 0x00007ffbe7568000 	C:\WINDOWS\System32\KERNELBASE.dll
0x00007ffbe7020000 - 0x00007ffbe716b000 	C:\WINDOWS\System32\ucrtbase.dll
0x00007ffbddfb0000 - 0x00007ffbddfc7000 	C:\Program Files\Eclipse Adoptium\jdk-11.0.28.6-hotspot\bin\jli.dll
0x00007ffbb1c00000 - 0x00007ffbb1c1e000 	C:\Program Files\Eclipse Adoptium\jdk-11.0.28.6-hotspot\bin\VCRUNTIME140.dll
0x00007ffbe8930000 - 0x00007ffbe8af7000 	C:\WINDOWS\System32\USER32.dll
0x00007ffbe7620000 - 0x00007ffbe7647000 	C:\WINDOWS\System32\win32u.dll
0x00007ffbe5cc0000 - 0x00007ffbe5f54000 	C:\WINDOWS\WinSxS\amd64_microsoft.windows.common-controls_6595b64144ccf1df_6.0.26100.7019_none_3e06ffa0e335b8a8\COMCTL32.dll
0x00007ffbe7c50000 - 0x00007ffbe7c7b000 	C:\WINDOWS\System32\GDI32.dll
0x00007ffbe79f0000 - 0x00007ffbe7a99000 	C:\WINDOWS\System32\msvcrt.dll
0x00007ffbe6ab0000 - 0x00007ffbe6bdc000 	C:\WINDOWS\System32\gdi32full.dll
0x00007ffbe7570000 - 0x00007ffbe7613000 	C:\WINDOWS\System32\msvcp_win.dll
0x00007ffbe8b00000 - 0x00007ffbe8b31000 	C:\WINDOWS\System32\IMM32.DLL
0x00007ffbdfb60000 - 0x00007ffbdfb6c000 	C:\Program Files\Eclipse Adoptium\jdk-11.0.28.6-hotspot\bin\vcruntime140_1.dll
0x00007ffba4c30000 - 0x00007ffba4cbd000 	C:\Program Files\Eclipse Adoptium\jdk-11.0.28.6-hotspot\bin\msvcp140.dll
0x00007ffb1f7d0000 - 0x00007ffb20393000 	C:\Program Files\Eclipse Adoptium\jdk-11.0.28.6-hotspot\bin\server\jvm.dll
0x00007ffbe93a0000 - 0x00007ffbe9454000 	C:\WINDOWS\System32\ADVAPI32.dll
0x00007ffbe7ba0000 - 0x00007ffbe7c46000 	C:\WINDOWS\System32\sechost.dll
0x00007ffbe8810000 - 0x00007ffbe8928000 	C:\WINDOWS\System32\RPCRT4.dll
0x00007ffbe8d20000 - 0x00007ffbe8d94000 	C:\WINDOWS\System32\WS2_32.dll
0x00007ffbe7720000 - 0x00007ffbe7728000 	C:\WINDOWS\System32\PSAPI.DLL
0x00007ffbd5460000 - 0x00007ffbd5495000 	C:\WINDOWS\SYSTEM32\WINMM.dll
0x00007ffbd2020000 - 0x00007ffbd202b000 	C:\WINDOWS\SYSTEM32\VERSION.dll
0x00007ffbe4f40000 - 0x00007ffbe4f5b000 	C:\WINDOWS\SYSTEM32\kernel.appcore.dll
0x00007ffbddfa0000 - 0x00007ffbddfb0000 	C:\Program Files\Eclipse Adoptium\jdk-11.0.28.6-hotspot\bin\verify.dll
0x00007ffbe6270000 - 0x00007ffbe64b2000 	C:\WINDOWS\SYSTEM32\DBGHELP.DLL
0x00007ffbe94d0000 - 0x00007ffbe985b000 	C:\WINDOWS\System32\combase.dll
0x00007ffbe77b0000 - 0x00007ffbe7887000 	C:\WINDOWS\System32\OLEAUT32.dll
0x00007ffbe6160000 - 0x00007ffbe619c000 	C:\WINDOWS\SYSTEM32\dbgcore.DLL
0x00007ffbe7650000 - 0x00007ffbe76f5000 	C:\WINDOWS\System32\bcryptPrimitives.dll
0x00007ffba9960000 - 0x00007ffba9988000 	C:\Program Files\Eclipse Adoptium\jdk-11.0.28.6-hotspot\bin\java.dll
0x00007ffbc5560000 - 0x00007ffbc556a000 	C:\Program Files\Eclipse Adoptium\jdk-11.0.28.6-hotspot\bin\jimage.dll
0x00007ffbb12a0000 - 0x00007ffbb12b8000 	C:\Program Files\Eclipse Adoptium\jdk-11.0.28.6-hotspot\bin\zip.dll
0x00007ffbe7fe0000 - 0x00007ffbe8731000 	C:\WINDOWS\System32\SHELL32.dll
0x00007ffbe6be0000 - 0x00007ffbe6d4b000 	C:\WINDOWS\System32\wintypes.dll
0x00007ffbe3de0000 - 0x00007ffbe463d000 	C:\WINDOWS\SYSTEM32\windows.storage.dll
0x00007ffbe7aa0000 - 0x00007ffbe7b92000 	C:\WINDOWS\System32\SHCORE.dll
0x00007ffbe8ea0000 - 0x00007ffbe8f07000 	C:\WINDOWS\System32\shlwapi.dll
0x00007ffbe69d0000 - 0x00007ffbe69f9000 	C:\WINDOWS\SYSTEM32\profapi.dll
0x00007ffbb0550000 - 0x00007ffbb0569000 	C:\Program Files\Eclipse Adoptium\jdk-11.0.28.6-hotspot\bin\net.dll
0x00007ffbe0e80000 - 0x00007ffbe0fa8000 	C:\WINDOWS\SYSTEM32\WINHTTP.dll
0x00007ffbe5470000 - 0x00007ffbe54db000 	C:\WINDOWS\system32\mswsock.dll
0x00007ffba98b0000 - 0x00007ffba98c3000 	C:\Program Files\Eclipse Adoptium\jdk-11.0.28.6-hotspot\bin\nio.dll
0x00007ffbdfb70000 - 0x00007ffbdfb7a000 	C:\Program Files\TMCBeans\java\maven\lib\jansi-native\windows64\jansi.dll

dbghelp: loaded successfully - version: 4.0.5 - missing functions: none
symbol engine: initialized successfully - sym options: 0x614 - pdb path: .;C:\Program Files\Eclipse Adoptium\jdk-11.0.28.6-hotspot\bin;C:\WINDOWS\SYSTEM32;C:\WINDOWS\WinSxS\amd64_microsoft.windows.common-controls_6595b64144ccf1df_6.0.26100.7019_none_3e06ffa0e335b8a8;C:\Program Files\Eclipse Adoptium\jdk-11.0.28.6-hotspot\bin\server;C:\Program Files\TMCBeans\java\maven\lib\jansi-native\windows64

VM Arguments:
jvm_args: -Dclassworlds.conf=C:\Program Files\TMCBeans\java\maven\bin\..\bin\m2.conf -Dmaven.home=C:\Program Files\TMCBeans\java\maven\bin\.. -Dlibrary.jansi.path=C:\Program Files\TMCBeans\java\maven\bin\..\lib\jansi-native -Dmaven.multiModuleProjectDirectory=C:\Users\victo\OneDrive\Documents\NetBeansProjects\mooc-java-programming-ii\part11-Part11_10.FlightControl 
java_command: org.codehaus.plexus.classworlds.launcher.Launcher -Dexec.args=-classpath %classpath FlightControl.Main -Dexec.executable=C:\Program Files\Eclipse Adoptium\jdk-11.0.28.6-hotspot\bin\java.exe -Dfile.encoding=UTF-8 -T=1 -q org.codehaus.mojo:exec-maven-plugin:1.5.0:exec
java_class_path (initial): C:\Program Files\TMCBeans\java\maven\bin\..\boot\plexus-classworlds-2.6.0.jar
Launcher Type: SUN_STANDARD

[Global flags]
     intx CICompilerCount                          = 4                                         {product} {ergonomic}
     uint ConcGCThreads                            = 2                                         {product} {ergonomic}
     uint G1ConcRefinementThreads                  = 8                                         {product} {ergonomic}
   size_t G1HeapRegionSize                         = 1048576                                   {product} {ergonomic}
    uintx GCDrainStackTargetSize                   = 64                                        {product} {ergonomic}
   size_t InitialHeapSize                          = 130023424                                 {product} {ergonomic}
   size_t MarkStackSize                            = 4194304                                   {product} {ergonomic}
   size_t MaxHeapSize                              = 2078277632                                {product} {ergonomic}
   size_t MaxNewSize                               = 1246756864                                {product} {ergonomic}
   size_t MinHeapDeltaBytes                        = 1048576                                   {product} {ergonomic}
    uintx NonNMethodCodeHeapSize                   = 5836300                                {pd product} {ergonomic}
    uintx NonProfiledCodeHeapSize                  = 122910970                              {pd product} {ergonomic}
    uintx ProfiledCodeHeapSize                     = 122910970                              {pd product} {ergonomic}
    uintx ReservedCodeCacheSize                    = 251658240                              {pd product} {ergonomic}
     bool SegmentedCodeCache                       = true                                      {product} {ergonomic}
     bool UseCompressedClassPointers               = true                                 {lp64_product} {ergonomic}
     bool UseCompressedOops                        = true                                 {lp64_product} {ergonomic}
     bool UseG1GC                                  = true                                      {product} {ergonomic}
     bool UseLargePagesIndividualAllocation        = false                                  {pd product} {ergonomic}

Logging:
Log output configuration:
 #0: stdout all=warning uptime,level,tags
 #1: stderr all=off uptime,level,tags

Environment Variables:
JAVA_HOME=C:\Program Files\Eclipse Adoptium\jdk-11.0.28.6-hotspot
PATH=C:\Program Files\Eclipse Adoptium\jdk-11.0.28.6-hotspot\bin;C:\Program Files (x86)\Intel\Intel(R) Management Engine Components\iCLS\;C:\Program Files\Intel\Intel(R) Management Engine Components\iCLS\;C:\WINDOWS\system32;C:\WINDOWS;C:\WINDOWS\System32\Wbem;C:\WINDOWS\System32\WindowsPowerShell\v1.0\;C:\WINDOWS\System32\OpenSSH\;C:\Program Files\dotnet\;C:\Program Files\Git\cmd;C:\Users\victo\AppData\Local\Microsoft\WindowsApps;
USERNAME=victo
OS=Windows_NT
PROCESSOR_IDENTIFIER=Intel64 Family 6 Model 158 Stepping 10, GenuineIntel
TMP=C:\Users\victo\AppData\Local\Temp
TEMP=C:\Users\victo\AppData\Local\Temp



---------------  S Y S T E M  ---------------

OS: Windows 11 , 64 bit Build 26100 (10.0.26100.7019)
OS uptime: 10 days 5:45 hours

CPU:total 8 (initial active 8) (4 cores per cpu, 2 threads per core) family 6 model 158 stepping 10 microcode 0xf0, cmov, cx8, fxsr, mmx, sse, sse2, sse3, ssse3, sse4.1, sse4.2, popcnt, avx, avx2, aes, clmul, erms, 3dnowpref, lzcnt, ht, tsc, tscinvbit, bmi1, bmi2, adx, fma

Memory: 4k page, system-wide physical 7926M (546M free)
TotalPageFile size 32502M (AvailPageFile size 32M)
current process WorkingSet (physical memory assigned to process): 125M, peak: 125M
current process commit charge ("private bytes"): 243M, peak: 243M

vm_info: OpenJDK 64-Bit Server VM (11.0.28+6) for windows-amd64 JRE (11.0.28+6), built on Jul 16 2025 11:20:51 by "" with MS VC++ 17.7 (VS2022)

END.
