#
# There is insufficient memory for the Java Runtime Environment to continue.
# Native memory allocation (mmap) failed to map 130023424 bytes for Failed to commit area from 0x0000000084200000 to 0x000000008be00000 of length 130023424.
# Possible reasons:
#   The system is out of physical RAM or swap space
#   The process is running with CompressedOops enabled, and the Java Heap may be blocking the growth of the native heap
# Possible solutions:
#   Reduce memory load on the system
#   Increase physical memory or swap space
#   Check if swap backing store is full
#   Decrease Java heap size (-Xmx/-Xms)
#   Decrease number of Java threads
#   Decrease Java thread stack sizes (-Xss)
#   Set larger code cache with -XX:ReservedCodeCacheSize=
# This output file may be truncated or incomplete.
#
#  Out of Memory Error (os_windows.cpp:3391), pid=7268, tid=9504
#
# JRE version:  (11.0.28+6) (build )
# Java VM: OpenJDK 64-Bit Server VM (11.0.28+6, mixed mode, sharing, tiered, compressed oops, g1 gc, windows-amd64)
# No core dump will be written. Minidumps are not enabled by default on client versions of Windows
#

---------------  S U M M A R Y ------------

Command Line: -ea -Dmaven.compiler.source=1.8 -Dmaven.compiler.target=1.8 -XX:+TieredCompilation -XX:TieredStopAtLevel=1 -Dtmc.test_class_dir=C:\Users\victo\OneDrive\Documents\NetBeansProjects\mooc-java-programming-ii\part10-Part10_17.SortThemCards\src\test\java -Dtmc.results_file=C:\Users\victo\OneDrive\Documents\NetBeansProjects\mooc-java-programming-ii\part10-Part10_17.SortThemCards\target\test_output.txt fi.helsinki.cs.tmc.testrunner.Main A_CardTest.onImplementComparableCard{10-17.1} A_CardTest.onCompareToMethod{10-17.1} A_CardTest.testCompareTo{10-17.1} A_CardTest.isComparable{10-17.1} A_CardTest.test{10-17.1} B_HandTest.noExtraVariables{10-17.2} B_HandTest.isConstructor{10-17.2} B_HandTest.methodAdd{10-17.2} B_HandTest.methodPrint{10-17.2} B_HandTest.printingWorks{10-17.2} B_HandTest.methodSort{10-17.3} B_HandTest.sortedPrintingWorks{10-17.3} B_HandTest.onImplementComparableHand{10-17.4} B_HandTest.onCompareToMethod{10-17.4} B_HandTest.comparisonWorks1{10-17.4} B_HandTest.comparisonWorks2{10-17.4} B_HandTest.comparisonWorks3{10-17.4} B_HandTest.comparisonWorks4{10-17.4} B_HandTest.comparisonWorks5{10-17.4} C_ComparatorTest.onImplementComparableHand{10-17.5} C_ComparatorTest.onCompareMethod{10-17.5} C_ComparatorTest.test{10-17.5} D_HandTest.methodSortBySuit{10-17.6} D_HandTest.sortedBySuitPrintWorks{10-17.6}

Host: Intel(R) Core(TM) i5-8300H CPU @ 2.30GHz, 8 cores, 7G,  Windows 11 , 64 bit Build 26100 (10.0.26100.7019)
Time: Mon Nov  3 18:07:29 2025 Eastern Standard Time elapsed time: 1.141965 seconds (0d 0h 0m 1s)

---------------  T H R E A D  ---------------

Current thread (0x0000019c7fe20800):  JavaThread "Unknown thread" [_thread_in_vm, id=9504, stack(0x00000066c5400000,0x00000066c5500000)]

Stack: [0x00000066c5400000,0x00000066c5500000]
Native frames: (J=compiled Java code, j=interpreted, Vv=VM code, C=native code)
V  [jvm.dll+0x6448da]
V  [jvm.dll+0x7d7119]
V  [jvm.dll+0x7d87f9]
V  [jvm.dll+0x7d8ef3]
V  [jvm.dll+0x269105]
V  [jvm.dll+0x641af9]
V  [jvm.dll+0x636395]
V  [jvm.dll+0x32559d]
V  [jvm.dll+0x325402]
V  [jvm.dll+0x32a026]
V  [jvm.dll+0x371020]
V  [jvm.dll+0x370a92]
V  [jvm.dll+0x3004c8]
V  [jvm.dll+0x3015c5]
V  [jvm.dll+0x7b0647]
V  [jvm.dll+0x7b1dcf]
V  [jvm.dll+0x37e319]
V  [jvm.dll+0x79226f]
V  [jvm.dll+0x3eebd7]
V  [jvm.dll+0x3f10d1]
C  [jli.dll+0x52c0]
C  [ucrtbase.dll+0x37b0]
C  [KERNEL32.DLL+0x2e8d7]
C  [ntdll.dll+0x8c53c]


---------------  P R O C E S S  ---------------

Threads class SMR info:
_java_thread_list=0x0000019c7db588f0, length=0, elements={
}

Java Threads: ( => current thread )

Other Threads:
  0x0000019c7fe3a000 GCTaskThread "GC Thread#0" [stack: 0x00000066c5500000,0x00000066c5600000] [id=15168]
  0x0000019c7fe6c800 ConcurrentGCThread "G1 Main Marker" [stack: 0x00000066c5600000,0x00000066c5700000] [id=7528]
  0x0000019c7fe6e800 ConcurrentGCThread "G1 Conc#0" [stack: 0x00000066c5700000,0x00000066c5800000] [id=24684]

[error occurred during error reporting (printing all threads), id 0xc0000005, EXCEPTION_ACCESS_VIOLATION (0xc0000005) at pc=0x00007ffb5c511327]

VM state:not at safepoint (not fully initialized)

VM Mutex/Monitor currently owned by a thread:  ([mutex/lock_event])
[0x0000019c7fe20520] Heap_lock - owner thread: 0x0000019c7fe20800

Heap address: 0x0000000084200000, size: 1982 MB, Compressed Oops mode: Non-zero based: 0x0000000084200000
Narrow klass base: 0x0000000000000000, Narrow klass shift: 0

GC Heap History (0 events):
No events

Deoptimization events (0 events):
No events

Classes redefined (0 events):
No events

Internal exceptions (0 events):
No events

Events (1 events):
Event: 0.007 Loaded shared library C:\Program Files\Eclipse Adoptium\jdk-11.0.28.6-hotspot\bin\zip.dll


Dynamic libraries:
0x00007ff64f8d0000 - 0x00007ff64f8de000 	C:\Program Files\Eclipse Adoptium\jdk-11.0.28.6-hotspot\bin\java.exe
0x00007ffbe9960000 - 0x00007ffbe9bc8000 	C:\WINDOWS\SYSTEM32\ntdll.dll
0x00007ffbe8740000 - 0x00007ffbe8809000 	C:\WINDOWS\System32\KERNEL32.DLL
0x00007ffbe7170000 - 0x00007ffbe7568000 	C:\WINDOWS\System32\KERNELBASE.dll
0x00007ffbe7020000 - 0x00007ffbe716b000 	C:\WINDOWS\System32\ucrtbase.dll
0x00007ffbdfcf0000 - 0x00007ffbdfd0e000 	C:\Program Files\Eclipse Adoptium\jdk-11.0.28.6-hotspot\bin\VCRUNTIME140.dll
0x00007ffbaf290000 - 0x00007ffbaf2a7000 	C:\Program Files\Eclipse Adoptium\jdk-11.0.28.6-hotspot\bin\jli.dll
0x00007ffbe8930000 - 0x00007ffbe8af7000 	C:\WINDOWS\System32\USER32.dll
0x00007ffbe5cc0000 - 0x00007ffbe5f54000 	C:\WINDOWS\WinSxS\amd64_microsoft.windows.common-controls_6595b64144ccf1df_6.0.26100.7019_none_3e06ffa0e335b8a8\COMCTL32.dll
0x00007ffbe7620000 - 0x00007ffbe7647000 	C:\WINDOWS\System32\win32u.dll
0x00007ffbe7c50000 - 0x00007ffbe7c7b000 	C:\WINDOWS\System32\GDI32.dll
0x00007ffbe79f0000 - 0x00007ffbe7a99000 	C:\WINDOWS\System32\msvcrt.dll
0x00007ffbe6ab0000 - 0x00007ffbe6bdc000 	C:\WINDOWS\System32\gdi32full.dll
0x00007ffbe7570000 - 0x00007ffbe7613000 	C:\WINDOWS\System32\msvcp_win.dll
0x00007ffbe8b00000 - 0x00007ffbe8b31000 	C:\WINDOWS\System32\IMM32.DLL
0x00007ffbe2a40000 - 0x00007ffbe2a4c000 	C:\Program Files\Eclipse Adoptium\jdk-11.0.28.6-hotspot\bin\vcruntime140_1.dll
0x00007ffbabdc0000 - 0x00007ffbabe4d000 	C:\Program Files\Eclipse Adoptium\jdk-11.0.28.6-hotspot\bin\msvcp140.dll
0x00007ffb5c200000 - 0x00007ffb5cdc3000 	C:\Program Files\Eclipse Adoptium\jdk-11.0.28.6-hotspot\bin\server\jvm.dll
0x00007ffbe93a0000 - 0x00007ffbe9454000 	C:\WINDOWS\System32\ADVAPI32.dll
0x00007ffbe7ba0000 - 0x00007ffbe7c46000 	C:\WINDOWS\System32\sechost.dll
0x00007ffbe8810000 - 0x00007ffbe8928000 	C:\WINDOWS\System32\RPCRT4.dll
0x00007ffbe8d20000 - 0x00007ffbe8d94000 	C:\WINDOWS\System32\WS2_32.dll
0x00007ffbe7720000 - 0x00007ffbe7728000 	C:\WINDOWS\System32\PSAPI.DLL
0x00007ffbd5460000 - 0x00007ffbd5495000 	C:\WINDOWS\SYSTEM32\WINMM.dll
0x00007ffbd2020000 - 0x00007ffbd202b000 	C:\WINDOWS\SYSTEM32\VERSION.dll
0x00007ffbe4f40000 - 0x00007ffbe4f5b000 	C:\WINDOWS\SYSTEM32\kernel.appcore.dll
0x00007ffbe0fb0000 - 0x00007ffbe0fc0000 	C:\Program Files\Eclipse Adoptium\jdk-11.0.28.6-hotspot\bin\verify.dll
0x00007ffbe6270000 - 0x00007ffbe64b2000 	C:\WINDOWS\SYSTEM32\DBGHELP.DLL
0x00007ffbe94d0000 - 0x00007ffbe985b000 	C:\WINDOWS\System32\combase.dll
0x00007ffbe77b0000 - 0x00007ffbe7887000 	C:\WINDOWS\System32\OLEAUT32.dll
0x00007ffbe6160000 - 0x00007ffbe619c000 	C:\WINDOWS\SYSTEM32\dbgcore.DLL
0x00007ffbe7650000 - 0x00007ffbe76f5000 	C:\WINDOWS\System32\bcryptPrimitives.dll
0x00007ffbd4250000 - 0x00007ffbd4278000 	C:\Program Files\Eclipse Adoptium\jdk-11.0.28.6-hotspot\bin\java.dll
0x00007ffbe0980000 - 0x00007ffbe098a000 	C:\Program Files\Eclipse Adoptium\jdk-11.0.28.6-hotspot\bin\jimage.dll
0x00007ffbd4970000 - 0x00007ffbd4988000 	C:\Program Files\Eclipse Adoptium\jdk-11.0.28.6-hotspot\bin\zip.dll

dbghelp: loaded successfully - version: 4.0.5 - missing functions: none
symbol engine: initialized successfully - sym options: 0x614 - pdb path: .;C:\Program Files\Eclipse Adoptium\jdk-11.0.28.6-hotspot\bin;C:\WINDOWS\SYSTEM32;C:\WINDOWS\WinSxS\amd64_microsoft.windows.common-controls_6595b64144ccf1df_6.0.26100.7019_none_3e06ffa0e335b8a8;C:\Program Files\Eclipse Adoptium\jdk-11.0.28.6-hotspot\bin\server

VM Arguments:
jvm_args: -ea -Dmaven.compiler.source=1.8 -Dmaven.compiler.target=1.8 -XX:+TieredCompilation -XX:TieredStopAtLevel=1 -Dtmc.test_class_dir=C:\Users\victo\OneDrive\Documents\NetBeansProjects\mooc-java-programming-ii\part10-Part10_17.SortThemCards\src\test\java -Dtmc.results_file=C:\Users\victo\OneDrive\Documents\NetBeansProjects\mooc-java-programming-ii\part10-Part10_17.SortThemCards\target\test_output.txt 
java_command: fi.helsinki.cs.tmc.testrunner.Main A_CardTest.onImplementComparableCard{10-17.1} A_CardTest.onCompareToMethod{10-17.1} A_CardTest.testCompareTo{10-17.1} A_CardTest.isComparable{10-17.1} A_CardTest.test{10-17.1} B_HandTest.noExtraVariables{10-17.2} B_HandTest.isConstructor{10-17.2} B_HandTest.methodAdd{10-17.2} B_HandTest.methodPrint{10-17.2} B_HandTest.printingWorks{10-17.2} B_HandTest.methodSort{10-17.3} B_HandTest.sortedPrintingWorks{10-17.3} B_HandTest.onImplementComparableHand{10-17.4} B_HandTest.onCompareToMethod{10-17.4} B_HandTest.comparisonWorks1{10-17.4} B_HandTest.comparisonWorks2{10-17.4} B_HandTest.comparisonWorks3{10-17.4} B_HandTest.comparisonWorks4{10-17.4} B_HandTest.comparisonWorks5{10-17.4} C_ComparatorTest.onImplementComparableHand{10-17.5} C_ComparatorTest.onCompareMethod{10-17.5} C_ComparatorTest.test{10-17.5} D_HandTest.methodSortBySuit{10-17.6} D_HandTest.sortedBySuitPrintWorks{10-17.6}
java_class_path (initial): C:\Users\victo\.m2\repository\fi\helsinki\cs\tmc\tmc-junit-runner\0.2.8\tmc-junit-runner-0.2.8.jar;C:\Users\victo\OneDrive\Documents\NetBeansProjects\mooc-java-programming-ii\part10-Part10_17.SortThemCards\target\test-classes;C:\Users\victo\OneDrive\Documents\NetBeansProjects\mooc-java-programming-ii\part10-Part10_17.SortThemCards\target\classes;C:\Users\victo\.m2\repository\org\hamcrest\hamcrest-core\1.3\hamcrest-core-1.3.jar;C:\Users\victo\.m2\repository\fi\helsinki\cs\tmc\edu-test-utils\0.4.2\edu-test-utils-0.4.2.jar;C:\Users\victo\.m2\repository\junit\junit\4.12\junit-4.12.jar
Launcher Type: SUN_STANDARD

[Global flags]
     intx CICompilerCount                          = 4                                         {product} {ergonomic}
     uint ConcGCThreads                            = 2                                         {product} {ergonomic}
     uint G1ConcRefinementThreads                  = 8                                         {product} {ergonomic}
   size_t G1HeapRegionSize                         = 1048576                                   {product} {ergonomic}
    uintx GCDrainStackTargetSize                   = 64                                        {product} {ergonomic}
   size_t InitialHeapSize                          = 130023424                                 {product} {ergonomic}
   size_t MarkStackSize                            = 4194304                                   {product} {ergonomic}
   size_t MaxHeapSize                              = 2078277632                                {product} {ergonomic}
   size_t MinHeapDeltaBytes                        = 1048576                                   {product} {ergonomic}
    uintx NonNMethodCodeHeapSize                   = 7549744                                {pd product} {ergonomic}
    uintx NonProfiledCodeHeapSize                  = 244108496                              {pd product} {ergonomic}
    uintx ProfiledCodeHeapSize                     = 0                                      {pd product} {ergonomic}
    uintx ReservedCodeCacheSize                    = 251658240                              {pd product} {ergonomic}
     bool SegmentedCodeCache                       = true                                      {product} {ergonomic}
     bool TieredCompilation                        = true                                   {pd product} {command line}
     intx TieredStopAtLevel                        = 1                                         {product} {command line}
     bool UseCompressedClassPointers               = true                                 {lp64_product} {ergonomic}
     bool UseCompressedOops                        = true                                 {lp64_product} {ergonomic}
     bool UseG1GC                                  = true                                      {product} {ergonomic}
     bool UseLargePagesIndividualAllocation        = false                                  {pd product} {ergonomic}

Logging:
Log output configuration:
 #0: stdout all=warning uptime,level,tags
 #1: stderr all=off uptime,level,tags

Environment Variables:
JAVA_HOME=C:\Program Files\Eclipse Adoptium\jdk-11.0.28.6-hotspot\
CLASSPATH=C:\Users\victo\.m2\repository\fi\helsinki\cs\tmc\tmc-junit-runner\0.2.8\tmc-junit-runner-0.2.8.jar;C:\Users\victo\OneDrive\Documents\NetBeansProjects\mooc-java-programming-ii\part10-Part10_17.SortThemCards\target\test-classes;C:\Users\victo\OneDrive\Documents\NetBeansProjects\mooc-java-programming-ii\part10-Part10_17.SortThemCards\target\classes;C:\Users\victo\.m2\repository\org\hamcrest\hamcrest-core\1.3\hamcrest-core-1.3.jar;C:\Users\victo\.m2\repository\fi\helsinki\cs\tmc\edu-test-utils\0.4.2\edu-test-utils-0.4.2.jar;C:\Users\victo\.m2\repository\junit\junit\4.12\junit-4.12.jar
PATH=C:\Program Files\Eclipse Adoptium\jdk-11.0.28.6-hotspot\bin;C:\Program Files (x86)\Intel\Intel(R) Management Engine Components\iCLS\;C:\Program Files\Intel\Intel(R) Management Engine Components\iCLS\;C:\WINDOWS\system32;C:\WINDOWS;C:\WINDOWS\System32\Wbem;C:\WINDOWS\System32\WindowsPowerShell\v1.0\;C:\WINDOWS\System32\OpenSSH\;C:\Program Files\dotnet\;C:\Users\victo\AppData\Local\Microsoft\WindowsApps;
USERNAME=victo
OS=Windows_NT
PROCESSOR_IDENTIFIER=Intel64 Family 6 Model 158 Stepping 10, GenuineIntel
TMP=C:\Users\victo\AppData\Local\Temp
TEMP=C:\Users\victo\AppData\Local\Temp



---------------  S Y S T E M  ---------------

OS: Windows 11 , 64 bit Build 26100 (10.0.26100.7019)
OS uptime: 3 days 0:47 hours

CPU:total 8 (initial active 8) (4 cores per cpu, 2 threads per core) family 6 model 158 stepping 10 microcode 0xf0, cmov, cx8, fxsr, mmx, sse, sse2, sse3, ssse3, sse4.1, sse4.2, popcnt, avx, avx2, aes, clmul, erms, 3dnowpref, lzcnt, ht, tsc, tscinvbit, bmi1, bmi2, adx, fma

Memory: 4k page, system-wide physical 7926M (678M free)
TotalPageFile size 32502M (AvailPageFile size 74M)
current process WorkingSet (physical memory assigned to process): 12M, peak: 12M
current process commit charge ("private bytes"): 58M, peak: 182M

vm_info: OpenJDK 64-Bit Server VM (11.0.28+6) for windows-amd64 JRE (11.0.28+6), built on Jul 16 2025 11:20:51 by "" with MS VC++ 17.7 (VS2022)

END.
